<?xml version="1.0" encoding="UTF-8"?>
<testsuite name="com.ci5644.trade.mappers.UserMapperTests" tests="2" skipped="0" failures="0" errors="0" timestamp="2024-01-18T00:43:19" hostname="CESARISIM0-TUF" time="0.587">
  <properties/>
  <testcase name="testToEntity()" classname="com.ci5644.trade.mappers.UserMapperTests" time="0.585"/>
  <testcase name="testFromEntity()" classname="com.ci5644.trade.mappers.UserMapperTests" time="0.001"/>
  <system-out><![CDATA[
  .   ____          _            __ _ _
 /\\ / ___'_ __ _ _(_)_ __  __ _ \ \ \ \
( ( )\___ | '_ | '_| | '_ \/ _` | \ \ \ \
 \\/  ___)| |_)| | | | | || (_| |  ) ) ) )
  '  |____| .__|_| |_|_| |_\__, | / / / /
 =========|_|==============|___/=/_/_/_/
 :: Spring Boot ::                (v3.2.1)

2024-01-17T20:43:18.644-04:00  INFO 29968 --- [    Test worker] c.ci5644.trade.mappers.UserMapperTests   : Starting UserMapperTests using Java 18.0.2 with PID 29968 (started by cedgo in C:\Users\cedgo\Documents\Universidad\Herramientas para desarrollo web\CI5644-grupo-azul)
2024-01-17T20:43:18.647-04:00  INFO 29968 --- [    Test worker] c.ci5644.trade.mappers.UserMapperTests   : No active profile set, falling back to 1 default profile: "default"
2024-01-17T20:43:19.070-04:00  INFO 29968 --- [    Test worker] c.ci5644.trade.mappers.UserMapperTests   : Started UserMapperTests in 0.594 seconds (process running for 1.478)
]]></system-out>
  <system-err><![CDATA[]]></system-err>
</testsuite>
